<?xml version="1.0" encoding="UTF-8"?>
<!-- Generated by org.testng.reporters.JUnitReportReporter -->
<testsuite skipped="0" hostname="DESKTOP-65205PT" name="org.in.test.Pavan.A" tests="1" failures="0" timestamp="20 Aug 2019 13:58:05 GMT" time="6.467" errors="0">
  <testcase name="tesr45" time="6.467" classname="org.in.test.Pavan.A"/>
</testsuite> <!-- org.in.test.Pavan.A -->
